<?xml version="1.0" encoding="UTF-8"?>
<!-- Generated by org.testng.reporters.JUnitReportReporter -->
<testsuite hostname="AslamBasha" failures="0" tests="1" name="SeleniumWebdriver.Assignment.MakeMyTripLogoTest" time="11.625" errors="0" timestamp="2023-05-11T06:51:09 IST" skipped="0">
  <testcase classname="SeleniumWebdriver.Assignment.MakeMyTripLogoTest" name="verifyLogoPresent" time="11.625"/>
  <system-out/>
</testsuite> <!-- SeleniumWebdriver.Assignment.MakeMyTripLogoTest -->
