<?xml version="1.0" encoding="UTF-8"?>
<!-- Generated by org.testng.reporters.JUnitReportReporter -->
<testsuite hostname="AslamBasha" failures="0" tests="1" name="SeleniumWebdriver.Assignment.MakeMyTripSearchFlights" time="26.816" errors="0" timestamp="2023-05-11T06:51:09 IST" skipped="0">
  <testcase classname="SeleniumWebdriver.Assignment.MakeMyTripSearchFlights" name="searchFlights" time="26.816"/>
  <system-out/>
</testsuite> <!-- SeleniumWebdriver.Assignment.MakeMyTripSearchFlights -->
