<?xml version="1.0" encoding="UTF-8"?>
<!-- Generated by org.testng.reporters.JUnitReportReporter -->
<testsuite hostname="AslamBasha" failures="0" tests="2" name="SeleniumWebdriver.Assignment.MakeMyTripTest" time="22.950" errors="0" timestamp="2023-05-11T07:16:40 IST" skipped="0">
  <testcase classname="SeleniumWebdriver.Assignment.MakeMyTripTest" name="verifyLogoPresent" time="7.174"/>
  <system-out/>
  <testcase classname="SeleniumWebdriver.Assignment.MakeMyTripTest" name="searchFlights" time="15.776"/>
  <system-out/>
</testsuite> <!-- SeleniumWebdriver.Assignment.MakeMyTripTest -->
