<?xml version="1.0" encoding="UTF-8"?>
<!-- Generated by org.testng.reporters.JUnitReportReporter -->
<testsuite hostname="AslamBasha" failures="0" tests="2" name="SeleniumWebdriver.Assignment.MakeMyTripTest" time="35.859" errors="0" timestamp="2023-05-11T07:44:11 IST" skipped="0">
  <testcase classname="SeleniumWebdriver.Assignment.MakeMyTripTest" name="verifyLogoPresent" time="12.179"/>
  <system-out/>
  <testcase classname="SeleniumWebdriver.Assignment.MakeMyTripTest" name="searchFlights" time="23.680"/>
  <system-out/>
</testsuite> <!-- SeleniumWebdriver.Assignment.MakeMyTripTest -->
